<?xml version="1.0" encoding="UTF-8"?>
<!-- Generated by org.testng.reporters.JUnitReportReporter -->
<testsuite hostname="Vellivelan" failures="0" tests="1" name="com.LumaRunner.NaukriTestRunner" time="10.166" errors="0" timestamp="2025-03-14T00:56:16 IST" skipped="0">
  <testcase classname="com.LumaRunner.NaukriTestRunner" name="naukri" time="10.166"/>
  <system-out/>
</testsuite> <!-- com.LumaRunner.NaukriTestRunner -->
